[debug] [2018-05-24T14:37:55.364Z] ----------------------------------------------------------------------
[debug] [2018-05-24T14:37:55.367Z] Command:       /usr/local/bin/node /usr/local/bin/firebase deploy
[debug] [2018-05-24T14:37:55.367Z] CLI Version:   3.18.2
[debug] [2018-05-24T14:37:55.367Z] Platform:      darwin
[debug] [2018-05-24T14:37:55.367Z] Node Version:  v8.9.4
[debug] [2018-05-24T14:37:55.368Z] Time:          Thu May 24 2018 16:37:55 GMT+0200 (CEST)
[debug] [2018-05-24T14:37:55.368Z] ----------------------------------------------------------------------
[debug] 
[debug] [2018-05-24T14:37:55.387Z] > command requires scopes: ["email","openid","https://www.googleapis.com/auth/cloudplatformprojects.readonly","https://www.googleapis.com/auth/firebase","https://www.googleapis.com/auth/cloud-platform"]
[debug] [2018-05-24T14:37:55.387Z] > authorizing via signed-in user
[debug] [2018-05-24T14:37:55.389Z] > refreshing access token with scopes: ["email","https://www.googleapis.com/auth/cloud-platform","https://www.googleapis.com/auth/cloudplatformprojects.readonly","https://www.googleapis.com/auth/firebase","openid"]
[debug] [2018-05-24T14:37:55.389Z] >>> HTTP REQUEST POST https://www.googleapis.com/oauth2/v3/token  
 { refresh_token: '1/yN4WpZpGTCiZLL_emoe3_eDhYSBe9mRaJkLBQdg4HIpeKMoHQnU4hLAiDEWU93ik',
  client_id: '563584335869-fgrhgmd47bqnekij5i8b5pr03ho849e6.apps.googleusercontent.com',
  client_secret: 'j9iVZfS8kkCEFUPaAeJV0sAi',
  grant_type: 'refresh_token',
  scope: 'email https://www.googleapis.com/auth/cloud-platform https://www.googleapis.com/auth/cloudplatformprojects.readonly https://www.googleapis.com/auth/firebase openid' } 
 Thu May 24 2018 16:37:55 GMT+0200 (CEST)
[debug] [2018-05-24T14:37:55.603Z] <<< HTTP RESPONSE 200
[debug] [2018-05-24T14:37:55.615Z] >>> HTTP REQUEST GET https://admin.firebase.com/v1/projects/mindful-menu  
  
 Thu May 24 2018 16:37:55 GMT+0200 (CEST)
[debug] [2018-05-24T14:37:56.398Z] <<< HTTP RESPONSE 200
[debug] [2018-05-24T14:37:56.399Z] >>> HTTP REQUEST GET https://admin.firebase.com/v1/database/mindful-menu/tokens  
  
 Thu May 24 2018 16:37:56 GMT+0200 (CEST)
[debug] [2018-05-24T14:37:57.017Z] <<< HTTP RESPONSE 200
[info] 
[info] === Deploying to 'mindful-menu'...
[info] 
[info] i  deploying functions
[info] Running command: npm --prefix "$RESOURCE_DIR" run lint
[info] Running command: npm --prefix "$RESOURCE_DIR" run build
[info] ✔  functions: Finished running predeploy script.
[debug] [2018-05-24T14:38:07.269Z] > [functions] package.json contents: {
  "name": "functions",
  "scripts": {
    "lint": "tslint --project tsconfig.json",
    "build": "tsc",
    "serve": "npm run build && firebase serve --only functions",
    "shell": "npm run build && firebase functions:shell",
    "start": "npm run shell",
    "deploy": "firebase deploy --only functions",
    "logs": "firebase functions:log"
  },
  "main": "lib/index.js",
  "dependencies": {
    "class-transformer": "^0.1.9",
    "cors": "^2.8.4",
    "firebase-admin": "~5.12.0",
    "firebase-functions": "^1.0.1",
    "lodash": "^4.17.10",
    "moment": "^2.22.1",
    "moment-timezone": "^0.5.17",
    "reflect-metadata": "^0.1.12"
  },
  "devDependencies": {
    "@types/cors": "^2.8.4",
    "tslint": "^5.8.0",
    "typescript": "^2.5.3"
  },
  "private": true
}
[info] i  functions: ensuring necessary APIs are enabled...
[debug] [2018-05-24T14:38:07.271Z] >>> HTTP REQUEST GET https://servicemanagement.googleapis.com/v1/services/cloudfunctions.googleapis.com/projectSettings/mindful-menu?view=CONSUMER_VIEW  
  
 Thu May 24 2018 16:38:07 GMT+0200 (CEST)
[debug] [2018-05-24T14:38:07.272Z] >>> HTTP REQUEST GET https://servicemanagement.googleapis.com/v1/services/runtimeconfig.googleapis.com/projectSettings/mindful-menu?view=CONSUMER_VIEW  
  
 Thu May 24 2018 16:38:07 GMT+0200 (CEST)
[debug] [2018-05-24T14:38:08.505Z] <<< HTTP RESPONSE 200
[debug] [2018-05-24T14:38:08.585Z] <<< HTTP RESPONSE 200
[info] ✔  functions: all necessary APIs are enabled
[debug] [2018-05-24T14:38:08.586Z] >>> HTTP REQUEST GET https://cloudresourcemanager.googleapis.com/v1/projects/mindful-menu  
  
 Thu May 24 2018 16:38:08 GMT+0200 (CEST)
[debug] [2018-05-24T14:38:09.471Z] <<< HTTP RESPONSE 200
[debug] [2018-05-24T14:38:09.471Z] >>> HTTP REQUEST GET https://mobilesdk-pa.googleapis.com/v1/projects/415539829999:getServerAppConfig  
  
 Thu May 24 2018 16:38:09 GMT+0200 (CEST)
[debug] [2018-05-24T14:38:10.041Z] <<< HTTP RESPONSE 200
[info] i  functions: preparing functions directory for uploading...
[debug] [2018-05-24T14:38:10.042Z] >>> HTTP REQUEST GET https://runtimeconfig.googleapis.com/v1beta1/projects/mindful-menu/configs  
  
 Thu May 24 2018 16:38:10 GMT+0200 (CEST)
[debug] [2018-05-24T14:38:10.411Z] <<< HTTP RESPONSE 200
[info] i  functions: packaged functions (60.6 KB) for uploading
[debug] [2018-05-24T14:38:11.797Z] >>> HTTP REQUEST POST https://cloudfunctions.googleapis.com/v1/projects/mindful-menu/locations/us-central1/functions:generateUploadUrl  
  
 Thu May 24 2018 16:38:11 GMT+0200 (CEST)
[debug] [2018-05-24T14:38:12.378Z] <<< HTTP RESPONSE 200
[debug] [2018-05-24T14:38:12.378Z] >>> HTTP REQUEST PUT https://storage.googleapis.com/gcf-upload-us-central1-45ddba98-93a2-4611-90bc-7af442d8f912/6150f83d-fb1c-42fa-866f-f1103b488183.zip?GoogleAccessId=415539829999@cloudservices.gserviceaccount.com&Expires=1527174492&Signature=gq624GtNapPf9stBFga1O5MFt6jIxj1kfytiyiT%2Fg1nNt%2BhEu1Q6ffJB2LYReOUd6rikwQPXiXIwopDivV5Hkv5rzMkMcl9DSMJdHg%2FSxFO%2Be0pm5Qb2bOrtzxpk3iMe2cXpnhgrqftn4tiH40I7Ox7uFNfPYlqlaeAUUZfCQ2ov86%2Fonrati1C9OEw8MOq%2FuZiZ2lpd6BSKnyHPl1%2Bx5K%2BSF60mez%2BGlvm20eTsNgQlOlZAxtKAOovVltgdbE7AHBycXFfXIRaZpV%2BsmESE14AjmNDVxO8BWbUqPEG1O3wwyTxGMDZ7NLymFxZii2EoEZ4r6WrXyPVcOsrMej5RIA%3D%3D  
 ReadStream {
  _readableState: 
   ReadableState {
     objectMode: false,
     highWaterMark: 65536,
     buffer: BufferList { head: [Object], tail: [Object], length: 1 },
     length: 62055,
     pipes: null,
     pipesCount: 0,
     flowing: null,
     ended: true,
     endEmitted: false,
     reading: false,
     sync: false,
     needReadable: false,
     emittedReadable: true,
     readableListening: false,
     resumeScheduled: false,
     destroyed: false,
     defaultEncoding: 'utf8',
     awaitDrain: 0,
     readingMore: false,
     decoder: null,
     encoding: null },
  readable: true,
  domain: null,
  _events: { end: [Function] },
  _eventsCount: 1,
  _maxListeners: undefined,
  path: '/var/folders/qh/wrh2ym0n2tb8swhbrxjz9thm0000gp/T/firebase-functions-17718luEAGJA3iMQB.zip',
  fd: 19,
  flags: 'r',
  mode: 438,
  start: undefined,
  end: undefined,
  autoClose: true,
  pos: undefined,
  bytesRead: 62055 } 
 Thu May 24 2018 16:38:12 GMT+0200 (CEST)
[debug] [2018-05-24T14:38:12.903Z] <<< HTTP RESPONSE 200
[info] ✔  functions: functions folder uploaded successfully
[debug] [2018-05-24T14:38:12.905Z] >>> HTTP REQUEST GET https://cloudfunctions.googleapis.com/v1/projects/mindful-menu/locations/us-central1/functions  
  
 Thu May 24 2018 16:38:12 GMT+0200 (CEST)
[debug] [2018-05-24T14:38:13.230Z] <<< HTTP RESPONSE 200
[info] i  functions: updating function syncLoggedUser...
[debug] [2018-05-24T14:38:13.233Z] Trigger is:  {"httpsTrigger":{}}
[info] i  functions: updating function syncUser...
[debug] [2018-05-24T14:38:13.234Z] Trigger is:  {"httpsTrigger":{}}
[info] i  functions: updating function updateUserFavoriteMealIds...
[debug] [2018-05-24T14:38:13.234Z] Trigger is:  {"httpsTrigger":{}}
[info] i  functions: updating function createUser...
[debug] [2018-05-24T14:38:13.234Z] Trigger is:  {"httpsTrigger":{}}
[info] i  functions: updating function updateUser...
[debug] [2018-05-24T14:38:13.234Z] Trigger is:  {"httpsTrigger":{}}
[info] i  functions: updating function enableAutomaticUpdateForUser...
[debug] [2018-05-24T14:38:13.235Z] Trigger is:  {"httpsTrigger":{}}
[debug] [2018-05-24T14:38:13.236Z] >>> HTTP REQUEST PATCH https://cloudfunctions.googleapis.com/v1/projects/mindful-menu/locations/us-central1/functions/syncLoggedUser 
query params: {"updateMask":"sourceUploadUrl,name,labels,httpsTrigger"} 
 { sourceUploadUrl: 'https://storage.googleapis.com/gcf-upload-us-central1-45ddba98-93a2-4611-90bc-7af442d8f912/6150f83d-fb1c-42fa-866f-f1103b488183.zip?GoogleAccessId=415539829999@cloudservices.gserviceaccount.com&Expires=1527174492&Signature=gq624GtNapPf9stBFga1O5MFt6jIxj1kfytiyiT%2Fg1nNt%2BhEu1Q6ffJB2LYReOUd6rikwQPXiXIwopDivV5Hkv5rzMkMcl9DSMJdHg%2FSxFO%2Be0pm5Qb2bOrtzxpk3iMe2cXpnhgrqftn4tiH40I7Ox7uFNfPYlqlaeAUUZfCQ2ov86%2Fonrati1C9OEw8MOq%2FuZiZ2lpd6BSKnyHPl1%2Bx5K%2BSF60mez%2BGlvm20eTsNgQlOlZAxtKAOovVltgdbE7AHBycXFfXIRaZpV%2BsmESE14AjmNDVxO8BWbUqPEG1O3wwyTxGMDZ7NLymFxZii2EoEZ4r6WrXyPVcOsrMej5RIA%3D%3D',
  name: 'projects/mindful-menu/locations/us-central1/functions/syncLoggedUser',
  labels: { 'deployment-tool': 'cli-firebase' },
  httpsTrigger: {} } 
 Thu May 24 2018 16:38:13 GMT+0200 (CEST)
[debug] [2018-05-24T14:38:13.238Z] >>> HTTP REQUEST PATCH https://cloudfunctions.googleapis.com/v1/projects/mindful-menu/locations/us-central1/functions/syncUser 
query params: {"updateMask":"sourceUploadUrl,name,labels,httpsTrigger"} 
 { sourceUploadUrl: 'https://storage.googleapis.com/gcf-upload-us-central1-45ddba98-93a2-4611-90bc-7af442d8f912/6150f83d-fb1c-42fa-866f-f1103b488183.zip?GoogleAccessId=415539829999@cloudservices.gserviceaccount.com&Expires=1527174492&Signature=gq624GtNapPf9stBFga1O5MFt6jIxj1kfytiyiT%2Fg1nNt%2BhEu1Q6ffJB2LYReOUd6rikwQPXiXIwopDivV5Hkv5rzMkMcl9DSMJdHg%2FSxFO%2Be0pm5Qb2bOrtzxpk3iMe2cXpnhgrqftn4tiH40I7Ox7uFNfPYlqlaeAUUZfCQ2ov86%2Fonrati1C9OEw8MOq%2FuZiZ2lpd6BSKnyHPl1%2Bx5K%2BSF60mez%2BGlvm20eTsNgQlOlZAxtKAOovVltgdbE7AHBycXFfXIRaZpV%2BsmESE14AjmNDVxO8BWbUqPEG1O3wwyTxGMDZ7NLymFxZii2EoEZ4r6WrXyPVcOsrMej5RIA%3D%3D',
  name: 'projects/mindful-menu/locations/us-central1/functions/syncUser',
  labels: { 'deployment-tool': 'cli-firebase' },
  httpsTrigger: {} } 
 Thu May 24 2018 16:38:13 GMT+0200 (CEST)
[debug] [2018-05-24T14:38:13.239Z] >>> HTTP REQUEST PATCH https://cloudfunctions.googleapis.com/v1/projects/mindful-menu/locations/us-central1/functions/updateUserFavoriteMealIds 
query params: {"updateMask":"sourceUploadUrl,name,labels,httpsTrigger"} 
 { sourceUploadUrl: 'https://storage.googleapis.com/gcf-upload-us-central1-45ddba98-93a2-4611-90bc-7af442d8f912/6150f83d-fb1c-42fa-866f-f1103b488183.zip?GoogleAccessId=415539829999@cloudservices.gserviceaccount.com&Expires=1527174492&Signature=gq624GtNapPf9stBFga1O5MFt6jIxj1kfytiyiT%2Fg1nNt%2BhEu1Q6ffJB2LYReOUd6rikwQPXiXIwopDivV5Hkv5rzMkMcl9DSMJdHg%2FSxFO%2Be0pm5Qb2bOrtzxpk3iMe2cXpnhgrqftn4tiH40I7Ox7uFNfPYlqlaeAUUZfCQ2ov86%2Fonrati1C9OEw8MOq%2FuZiZ2lpd6BSKnyHPl1%2Bx5K%2BSF60mez%2BGlvm20eTsNgQlOlZAxtKAOovVltgdbE7AHBycXFfXIRaZpV%2BsmESE14AjmNDVxO8BWbUqPEG1O3wwyTxGMDZ7NLymFxZii2EoEZ4r6WrXyPVcOsrMej5RIA%3D%3D',
  name: 'projects/mindful-menu/locations/us-central1/functions/updateUserFavoriteMealIds',
  labels: { 'deployment-tool': 'cli-firebase' },
  httpsTrigger: {} } 
 Thu May 24 2018 16:38:13 GMT+0200 (CEST)
[debug] [2018-05-24T14:38:13.239Z] >>> HTTP REQUEST PATCH https://cloudfunctions.googleapis.com/v1/projects/mindful-menu/locations/us-central1/functions/createUser 
query params: {"updateMask":"sourceUploadUrl,name,labels,httpsTrigger"} 
 { sourceUploadUrl: 'https://storage.googleapis.com/gcf-upload-us-central1-45ddba98-93a2-4611-90bc-7af442d8f912/6150f83d-fb1c-42fa-866f-f1103b488183.zip?GoogleAccessId=415539829999@cloudservices.gserviceaccount.com&Expires=1527174492&Signature=gq624GtNapPf9stBFga1O5MFt6jIxj1kfytiyiT%2Fg1nNt%2BhEu1Q6ffJB2LYReOUd6rikwQPXiXIwopDivV5Hkv5rzMkMcl9DSMJdHg%2FSxFO%2Be0pm5Qb2bOrtzxpk3iMe2cXpnhgrqftn4tiH40I7Ox7uFNfPYlqlaeAUUZfCQ2ov86%2Fonrati1C9OEw8MOq%2FuZiZ2lpd6BSKnyHPl1%2Bx5K%2BSF60mez%2BGlvm20eTsNgQlOlZAxtKAOovVltgdbE7AHBycXFfXIRaZpV%2BsmESE14AjmNDVxO8BWbUqPEG1O3wwyTxGMDZ7NLymFxZii2EoEZ4r6WrXyPVcOsrMej5RIA%3D%3D',
  name: 'projects/mindful-menu/locations/us-central1/functions/createUser',
  labels: { 'deployment-tool': 'cli-firebase' },
  httpsTrigger: {} } 
 Thu May 24 2018 16:38:13 GMT+0200 (CEST)
[debug] [2018-05-24T14:38:13.240Z] >>> HTTP REQUEST PATCH https://cloudfunctions.googleapis.com/v1/projects/mindful-menu/locations/us-central1/functions/updateUser 
query params: {"updateMask":"sourceUploadUrl,name,labels,httpsTrigger"} 
 { sourceUploadUrl: 'https://storage.googleapis.com/gcf-upload-us-central1-45ddba98-93a2-4611-90bc-7af442d8f912/6150f83d-fb1c-42fa-866f-f1103b488183.zip?GoogleAccessId=415539829999@cloudservices.gserviceaccount.com&Expires=1527174492&Signature=gq624GtNapPf9stBFga1O5MFt6jIxj1kfytiyiT%2Fg1nNt%2BhEu1Q6ffJB2LYReOUd6rikwQPXiXIwopDivV5Hkv5rzMkMcl9DSMJdHg%2FSxFO%2Be0pm5Qb2bOrtzxpk3iMe2cXpnhgrqftn4tiH40I7Ox7uFNfPYlqlaeAUUZfCQ2ov86%2Fonrati1C9OEw8MOq%2FuZiZ2lpd6BSKnyHPl1%2Bx5K%2BSF60mez%2BGlvm20eTsNgQlOlZAxtKAOovVltgdbE7AHBycXFfXIRaZpV%2BsmESE14AjmNDVxO8BWbUqPEG1O3wwyTxGMDZ7NLymFxZii2EoEZ4r6WrXyPVcOsrMej5RIA%3D%3D',
  name: 'projects/mindful-menu/locations/us-central1/functions/updateUser',
  labels: { 'deployment-tool': 'cli-firebase' },
  httpsTrigger: {} } 
 Thu May 24 2018 16:38:13 GMT+0200 (CEST)
[debug] [2018-05-24T14:38:13.240Z] >>> HTTP REQUEST PATCH https://cloudfunctions.googleapis.com/v1/projects/mindful-menu/locations/us-central1/functions/enableAutomaticUpdateForUser 
query params: {"updateMask":"sourceUploadUrl,name,labels,httpsTrigger"} 
 { sourceUploadUrl: 'https://storage.googleapis.com/gcf-upload-us-central1-45ddba98-93a2-4611-90bc-7af442d8f912/6150f83d-fb1c-42fa-866f-f1103b488183.zip?GoogleAccessId=415539829999@cloudservices.gserviceaccount.com&Expires=1527174492&Signature=gq624GtNapPf9stBFga1O5MFt6jIxj1kfytiyiT%2Fg1nNt%2BhEu1Q6ffJB2LYReOUd6rikwQPXiXIwopDivV5Hkv5rzMkMcl9DSMJdHg%2FSxFO%2Be0pm5Qb2bOrtzxpk3iMe2cXpnhgrqftn4tiH40I7Ox7uFNfPYlqlaeAUUZfCQ2ov86%2Fonrati1C9OEw8MOq%2FuZiZ2lpd6BSKnyHPl1%2Bx5K%2BSF60mez%2BGlvm20eTsNgQlOlZAxtKAOovVltgdbE7AHBycXFfXIRaZpV%2BsmESE14AjmNDVxO8BWbUqPEG1O3wwyTxGMDZ7NLymFxZii2EoEZ4r6WrXyPVcOsrMej5RIA%3D%3D',
  name: 'projects/mindful-menu/locations/us-central1/functions/enableAutomaticUpdateForUser',
  labels: { 'deployment-tool': 'cli-firebase' },
  httpsTrigger: {} } 
 Thu May 24 2018 16:38:13 GMT+0200 (CEST)
[debug] [2018-05-24T14:38:13.955Z] <<< HTTP RESPONSE 200
[debug] [2018-05-24T14:38:13.957Z] <<< HTTP RESPONSE 200
[debug] [2018-05-24T14:38:13.958Z] <<< HTTP RESPONSE 200
[debug] [2018-05-24T14:38:13.959Z] <<< HTTP RESPONSE 200
[debug] [2018-05-24T14:38:13.959Z] <<< HTTP RESPONSE 200
[debug] [2018-05-24T14:38:14.041Z] <<< HTTP RESPONSE 200
[debug] [2018-05-24T14:38:14.043Z] >>> HTTP REQUEST GET https://cloudfunctions.googleapis.com/v1/projects/mindful-menu/locations/us-central1/functions  
  
 Thu May 24 2018 16:38:14 GMT+0200 (CEST)
[debug] [2018-05-24T14:38:14.550Z] <<< HTTP RESPONSE 200
[debug] [2018-05-24T14:38:14.552Z] >>> HTTP REQUEST GET https://cloudfunctions.googleapis.com/v1/operations/bWluZGZ1bC1tZW51L3VzLWNlbnRyYWwxL3N5bmNMb2dnZWRVc2VyL3k0czFVX3BvbGk0  
  
 Thu May 24 2018 16:38:14 GMT+0200 (CEST)
[debug] [2018-05-24T14:38:14.552Z] >>> HTTP REQUEST GET https://cloudfunctions.googleapis.com/v1/operations/bWluZGZ1bC1tZW51L3VzLWNlbnRyYWwxL3N5bmNVc2VyLzNTb1J2RV84cGNj  
  
 Thu May 24 2018 16:38:14 GMT+0200 (CEST)
[debug] [2018-05-24T14:38:14.552Z] >>> HTTP REQUEST GET https://cloudfunctions.googleapis.com/v1/operations/bWluZGZ1bC1tZW51L3VzLWNlbnRyYWwxL3VwZGF0ZVVzZXJGYXZvcml0ZU1lYWxJZHMvZk1SUlJvVDFBdjg  
  
 Thu May 24 2018 16:38:14 GMT+0200 (CEST)
[debug] [2018-05-24T14:38:14.552Z] >>> HTTP REQUEST GET https://cloudfunctions.googleapis.com/v1/operations/bWluZGZ1bC1tZW51L3VzLWNlbnRyYWwxL2NyZWF0ZVVzZXIvREZIWTVqQ3RTUjg  
  
 Thu May 24 2018 16:38:14 GMT+0200 (CEST)
[debug] [2018-05-24T14:38:14.553Z] >>> HTTP REQUEST GET https://cloudfunctions.googleapis.com/v1/operations/bWluZGZ1bC1tZW51L3VzLWNlbnRyYWwxL3VwZGF0ZVVzZXIvRkZtaktLUUg2Sm8  
  
 Thu May 24 2018 16:38:14 GMT+0200 (CEST)
[debug] [2018-05-24T14:38:14.553Z] >>> HTTP REQUEST GET https://cloudfunctions.googleapis.com/v1/operations/bWluZGZ1bC1tZW51L3VzLWNlbnRyYWwxL2VuYWJsZUF1dG9tYXRpY1VwZGF0ZUZvclVzZXIvc3B0eHhfZmVJQ0U  
  
 Thu May 24 2018 16:38:14 GMT+0200 (CEST)
[debug] [2018-05-24T14:38:14.826Z] <<< HTTP RESPONSE 200
[debug] [2018-05-24T14:38:14.840Z] <<< HTTP RESPONSE 200
[debug] [2018-05-24T14:38:14.854Z] <<< HTTP RESPONSE 200
[debug] [2018-05-24T14:38:14.854Z] <<< HTTP RESPONSE 200
[debug] [2018-05-24T14:38:14.880Z] <<< HTTP RESPONSE 200
[debug] [2018-05-24T14:38:15.026Z] <<< HTTP RESPONSE 200
